2019-05-02 09:43:00,818 INFO  [org.jboss.modules] (main) JBoss Modules version 1.5.1.Final-redhat-1
2019-05-02 09:43:01,209 INFO  [org.jboss.msc] (main) JBoss MSC version 1.2.6.Final-redhat-1
2019-05-02 09:43:01,425 INFO  [org.jboss.as] (MSC service thread 1-6) WFLYSRV0049: JBoss EAP 7.0.0.GA (WildFly Core 2.1.2.Final-redhat-1) starting
2019-05-02 09:43:01,428 DEBUG [org.jboss.as.config] (MSC service thread 1-6) Configured system properties:
	[Standalone] = 
	awt.toolkit = sun.lwawt.macosx.LWCToolkit
	file.encoding = UTF-8
	file.encoding.pkg = sun.io
	file.separator = /
	gopherProxySet = false
	http.nonProxyHosts = localhost,127.0.0.1,MacBook-Pro-cua-Wind.local
	java.awt.graphicsenv = sun.awt.CGraphicsEnvironment
	java.awt.headless = true
	java.awt.printerjob = sun.lwawt.macosx.CPrinterJob
	java.class.path = /Users/windsora/EAP-7.0.0/jboss-modules.jar
	java.class.version = 52.0
	java.endorsed.dirs = /Library/Java/JavaVirtualMachines/jdk1.8.0_201.jdk/Contents/Home/jre/lib/endorsed
	java.ext.dirs = /Users/windsora/Library/Java/Extensions:/Library/Java/JavaVirtualMachines/jdk1.8.0_201.jdk/Contents/Home/jre/lib/ext:/Library/Java/Extensions:/Network/Library/Java/Extensions:/System/Library/Java/Extensions:/usr/lib/java
	java.home = /Library/Java/JavaVirtualMachines/jdk1.8.0_201.jdk/Contents/Home/jre
	java.io.tmpdir = /var/folders/3x/ypbk864n63q6kpd6fp6ddmc40000gn/T/
	java.library.path = /Users/windsora/Library/Java/Extensions:/Library/Java/Extensions:/Network/Library/Java/Extensions:/System/Library/Java/Extensions:/usr/lib/java:.
	java.net.preferIPv4Stack = true
	java.runtime.name = Java(TM) SE Runtime Environment
	java.runtime.version = 1.8.0_201-b09
	java.specification.name = Java Platform API Specification
	java.specification.vendor = Oracle Corporation
	java.specification.version = 1.8
	java.util.logging.manager = org.jboss.logmanager.LogManager
	java.vendor = Oracle Corporation
	java.vendor.url = http://java.oracle.com/
	java.vendor.url.bug = http://bugreport.sun.com/bugreport/
	java.version = 1.8.0_201
	java.vm.info = mixed mode
	java.vm.name = Java HotSpot(TM) 64-Bit Server VM
	java.vm.specification.name = Java Virtual Machine Specification
	java.vm.specification.vendor = Oracle Corporation
	java.vm.specification.version = 1.8
	java.vm.vendor = Oracle Corporation
	java.vm.version = 25.201-b09
	javax.management.builder.initial = org.jboss.as.jmx.PluggableMBeanServerBuilder
	javax.xml.datatype.DatatypeFactory = __redirected.__DatatypeFactory
	javax.xml.parsers.DocumentBuilderFactory = __redirected.__DocumentBuilderFactory
	javax.xml.parsers.SAXParserFactory = __redirected.__SAXParserFactory
	javax.xml.stream.XMLEventFactory = __redirected.__XMLEventFactory
	javax.xml.stream.XMLInputFactory = __redirected.__XMLInputFactory
	javax.xml.stream.XMLOutputFactory = __redirected.__XMLOutputFactory
	javax.xml.transform.TransformerFactory = __redirected.__TransformerFactory
	javax.xml.validation.SchemaFactory:http://www.w3.org/2001/XMLSchema = __redirected.__SchemaFactory
	javax.xml.xpath.XPathFactory:http://java.sun.com/jaxp/xpath/dom = __redirected.__XPathFactory
	jboss.home.dir = /Users/windsora/EAP-7.0.0
	jboss.host.name = macbook-pro-cua-wind
	jboss.http.port = 8080
	jboss.management.http.port = 9990
	jboss.modules.dir = /Users/windsora/EAP-7.0.0/modules
	jboss.modules.system.pkgs = org.jboss.byteman
	jboss.node.name = macbook-pro-cua-wind
	jboss.qualified.host.name = macbook-pro-cua-wind.local
	jboss.server.base.dir = /Users/windsora/EAP-7.0.0/standalone
	jboss.server.config.dir = /Users/windsora/EAP-7.0.0/standalone/configuration
	jboss.server.data.dir = /Users/windsora/EAP-7.0.0/standalone/data
	jboss.server.deploy.dir = /Users/windsora/EAP-7.0.0/standalone/data/content
	jboss.server.log.dir = /Users/windsora/EAP-7.0.0/standalone/log
	jboss.server.name = macbook-pro-cua-wind
	jboss.server.persist.config = true
	jboss.server.temp.dir = /Users/windsora/EAP-7.0.0/standalone/tmp
	line.separator = 

	logging.configuration = file:/Users/windsora/EAP-7.0.0/standalone/configuration/logging.properties
	module.path = /Users/windsora/EAP-7.0.0/modules
	org.jboss.boot.log.file = /Users/windsora/EAP-7.0.0/standalone/log/server.log
	org.jboss.resolver.warning = true
	org.xml.sax.driver = __redirected.__XMLReaderFactory
	os.arch = x86_64
	os.name = Mac OS X
	os.version = 10.13.6
	path.separator = :
	sun.arch.data.model = 64
	sun.boot.class.path = /Library/Java/JavaVirtualMachines/jdk1.8.0_201.jdk/Contents/Home/jre/lib/resources.jar:/Library/Java/JavaVirtualMachines/jdk1.8.0_201.jdk/Contents/Home/jre/lib/rt.jar:/Library/Java/JavaVirtualMachines/jdk1.8.0_201.jdk/Contents/Home/jre/lib/sunrsasign.jar:/Library/Java/JavaVirtualMachines/jdk1.8.0_201.jdk/Contents/Home/jre/lib/jsse.jar:/Library/Java/JavaVirtualMachines/jdk1.8.0_201.jdk/Contents/Home/jre/lib/jce.jar:/Library/Java/JavaVirtualMachines/jdk1.8.0_201.jdk/Contents/Home/jre/lib/charsets.jar:/Library/Java/JavaVirtualMachines/jdk1.8.0_201.jdk/Contents/Home/jre/lib/jfr.jar:/Library/Java/JavaVirtualMachines/jdk1.8.0_201.jdk/Contents/Home/jre/classes
	sun.boot.library.path = /Library/Java/JavaVirtualMachines/jdk1.8.0_201.jdk/Contents/Home/jre/lib
	sun.cpu.endian = little
	sun.cpu.isalist = 
	sun.io.unicode.encoding = UnicodeBig
	sun.java.command = /Users/windsora/EAP-7.0.0/jboss-modules.jar -mp /Users/windsora/EAP-7.0.0/modules org.jboss.as.standalone -Djboss.home.dir=/Users/windsora/EAP-7.0.0 -Djboss.server.base.dir=/Users/windsora/EAP-7.0.0/standalone -c standalone.xml
	sun.java.launcher = SUN_STANDARD
	sun.jnu.encoding = UTF-8
	sun.management.compiler = HotSpot 64-Bit Tiered Compilers
	sun.os.patch.level = unknown
	user.country = VN
	user.dir = /Users/windsora/EAP-7.0.0/bin
	user.home = /Users/windsora
	user.language = en
	user.name = windsora
	user.timezone = Asia/Ho_Chi_Minh
2019-05-02 09:43:01,429 DEBUG [org.jboss.as.config] (MSC service thread 1-6) VM Arguments: -D[Standalone] -verbose:gc -Xloggc:/Users/windsora/EAP-7.0.0/standalone/log/gc.log -XX:+PrintGCDetails -XX:+PrintGCDateStamps -XX:+UseGCLogFileRotation -XX:NumberOfGCLogFiles=5 -XX:GCLogFileSize=3M -XX:-TraceClassUnloading -Xms128m -Xmx512m -Dhttp.nonProxyHosts=localhost,127.0.0.1,MacBook-Pro-cua-Wind.local -Djava.net.preferIPv4Stack=true -Djboss.modules.system.pkgs=org.jboss.byteman -Djava.awt.headless=true -Djboss.management.http.port=9990 -Djboss.http.port=8080 -Dorg.jboss.boot.log.file=/Users/windsora/EAP-7.0.0/standalone/log/server.log -Dlogging.configuration=file:/Users/windsora/EAP-7.0.0/standalone/configuration/logging.properties 
2019-05-02 09:43:03,126 INFO  [org.jboss.as.server.deployment.scanner] (DeploymentScanner-threads - 1) WFLYDS0004: Found HotelEJB.jar in deployment directory. To trigger deployment create a file called HotelEJB.jar.dodeploy
2019-05-02 09:43:03,186 INFO  [org.jboss.as.server] (Controller Boot Thread) WFLYSRV0039: Creating http management service using socket-binding (management-http)
2019-05-02 09:43:03,222 INFO  [org.xnio] (MSC service thread 1-6) XNIO version 3.3.6.Final-redhat-1
2019-05-02 09:43:03,231 INFO  [org.xnio.nio] (MSC service thread 1-6) XNIO NIO Implementation Version 3.3.6.Final-redhat-1
2019-05-02 09:43:03,266 WARN  [org.jboss.as.txn] (ServerService Thread Pool -- 54) WFLYTX0013: Node identifier property is set to the default value. Please make sure it is unique.
2019-05-02 09:43:03,281 INFO  [org.jboss.as.clustering.infinispan] (ServerService Thread Pool -- 38) WFLYCLINF0001: Activating Infinispan subsystem.
2019-05-02 09:43:03,288 INFO  [org.wildfly.extension.io] (ServerService Thread Pool -- 37) WFLYIO001: Worker 'default' has auto-configured to 16 core threads with 128 task threads based on your 8 available processors
2019-05-02 09:43:03,299 INFO  [org.jboss.as.jsf] (ServerService Thread Pool -- 44) WFLYJSF0007: Activated the following JSF Implementations: [main]
2019-05-02 09:43:03,455 INFO  [org.jboss.as.naming] (ServerService Thread Pool -- 46) WFLYNAM0001: Activating Naming Subsystem
2019-05-02 09:43:03,458 INFO  [org.jboss.as.webservices] (ServerService Thread Pool -- 56) WFLYWS0002: Activating WebServices Extension
2019-05-02 09:43:03,458 INFO  [org.jboss.as.security] (ServerService Thread Pool -- 53) WFLYSEC0002: Activating Security Subsystem
2019-05-02 09:43:03,460 INFO  [org.wildfly.extension.undertow] (MSC service thread 1-2) WFLYUT0003: Undertow 1.3.21.Final-redhat-1 starting
2019-05-02 09:43:03,460 INFO  [org.wildfly.extension.undertow] (ServerService Thread Pool -- 55) WFLYUT0003: Undertow 1.3.21.Final-redhat-1 starting
2019-05-02 09:43:03,469 INFO  [org.jboss.as.security] (MSC service thread 1-7) WFLYSEC0001: Current PicketBox version=4.9.6.Final-redhat-1
2019-05-02 09:43:03,475 INFO  [org.jboss.as.connector] (MSC service thread 1-3) WFLYJCA0009: Starting JCA Subsystem (WildFly/IronJacamar 1.3.3.Final-redhat-1)
2019-05-02 09:43:03,516 INFO  [org.jboss.as.connector.subsystems.datasources] (ServerService Thread Pool -- 33) WFLYJCA0004: Deploying JDBC-compliant driver class org.h2.Driver (version 1.3)
2019-05-02 09:43:03,531 INFO  [org.jboss.as.connector.deployers.jdbc] (MSC service thread 1-8) WFLYJCA0018: Started Driver service with driver-name = h2
2019-05-02 09:43:03,560 INFO  [org.jboss.as.connector.subsystems.datasources] (ServerService Thread Pool -- 33) WFLYJCA0005: Deploying non-JDBC-compliant driver class org.postgresql.Driver (version 9.3)
2019-05-02 09:43:03,561 INFO  [org.jboss.as.connector.deployers.jdbc] (MSC service thread 1-1) WFLYJCA0018: Started Driver service with driver-name = postgresql
2019-05-02 09:43:03,576 INFO  [org.jboss.remoting] (MSC service thread 1-8) JBoss Remoting version 4.0.18.Final-redhat-1
2019-05-02 09:43:03,598 INFO  [org.jboss.as.naming] (MSC service thread 1-7) WFLYNAM0003: Starting Naming Service
2019-05-02 09:43:03,598 INFO  [org.jboss.as.mail.extension] (MSC service thread 1-5) WFLYMAIL0001: Bound mail session [java:jboss/mail/Default]
2019-05-02 09:43:03,718 INFO  [org.wildfly.extension.undertow] (ServerService Thread Pool -- 55) WFLYUT0014: Creating file handler for path '/Users/windsora/EAP-7.0.0/welcome-content' with options [directory-listing: 'false', follow-symlink: 'false', case-sensitive: 'true', safe-symlink-paths: '[]']
2019-05-02 09:43:03,768 INFO  [org.wildfly.extension.undertow] (MSC service thread 1-4) WFLYUT0012: Started server default-server.
2019-05-02 09:43:03,771 INFO  [org.wildfly.extension.undertow] (MSC service thread 1-4) WFLYUT0018: Host default-host starting
2019-05-02 09:43:03,984 INFO  [org.jboss.as.connector.subsystems.datasources] (MSC service thread 1-2) WFLYJCA0001: Bound data source [java:/PostgresDS]
2019-05-02 09:43:03,987 INFO  [org.wildfly.extension.undertow] (MSC service thread 1-1) WFLYUT0006: Undertow HTTP listener default listening on 127.0.0.1:8080
2019-05-02 09:43:04,009 INFO  [org.jboss.as.ejb3] (MSC service thread 1-7) WFLYEJB0482: Strict pool mdb-strict-max-pool is using a max instance size of 32 (per class), which is derived from the number of CPUs on this host.
2019-05-02 09:43:04,009 INFO  [org.jboss.as.ejb3] (MSC service thread 1-6) WFLYEJB0481: Strict pool slsb-strict-max-pool is using a max instance size of 128 (per class), which is derived from thread worker pool sizing.
2019-05-02 09:43:04,106 INFO  [org.jboss.as.connector.subsystems.datasources] (MSC service thread 1-4) WFLYJCA0001: Bound data source [java:jboss/datasources/ExampleDS]
2019-05-02 09:43:04,358 INFO  [org.jboss.as.server.deployment.scanner] (MSC service thread 1-6) WFLYDS0013: Started FileSystemDeploymentService for directory /Users/windsora/EAP-7.0.0/standalone/deployments
2019-05-02 09:43:04,389 INFO  [org.jboss.as.server.deployment] (MSC service thread 1-3) WFLYSRV0027: Starting deployment of "postgresql-9.3-1104.jdbc41.jar" (runtime-name: "postgresql-9.3-1104.jdbc41.jar")
2019-05-02 09:43:04,388 INFO  [org.jboss.as.server.deployment] (MSC service thread 1-8) WFLYSRV0027: Starting deployment of "HotelEJB.jar" (runtime-name: "HotelEJB.jar")
2019-05-02 09:43:04,767 INFO  [org.infinispan.factories.GlobalComponentRegistry] (MSC service thread 1-3) ISPN000128: Infinispan version: Infinispan 'Mahou' 8.1.2.Final-redhat-1
2019-05-02 09:43:04,798 INFO  [org.jboss.ws.common.management] (MSC service thread 1-2) JBWS022052: Starting JBossWS 5.1.3.SP1-redhat-1 (Apache CXF 3.1.4.redhat-1) 
2019-05-02 09:43:05,002 INFO  [org.jboss.as.connector.deployers.jdbc] (MSC service thread 1-3) WFLYJCA0005: Deploying non-JDBC-compliant driver class org.postgresql.Driver (version 9.3)
2019-05-02 09:43:05,035 INFO  [org.jboss.as.connector.deployers.jdbc] (MSC service thread 1-7) WFLYJCA0018: Started Driver service with driver-name = postgresql-9.3-1104.jdbc41.jar
2019-05-02 09:43:05,043 INFO  [org.jboss.weld.deployer] (MSC service thread 1-5) WFLYWELD0003: Processing weld deployment HotelEJB.jar
2019-05-02 09:43:05,333 INFO  [org.hibernate.validator.internal.util.Version] (MSC service thread 1-5) HV000001: Hibernate Validator 5.2.4.Final-redhat-1
2019-05-02 09:43:05,433 INFO  [org.jboss.as.ejb3.deployment] (MSC service thread 1-5) WFLYEJB0473: JNDI bindings for session bean named 'AccountSessionBean' in deployment unit 'deployment "HotelEJB.jar"' are as follows:

	java:global/HotelEJB/AccountSessionBean!hotel.ejb.AccountSessionBeanRemote
	java:app/HotelEJB/AccountSessionBean!hotel.ejb.AccountSessionBeanRemote
	java:module/AccountSessionBean!hotel.ejb.AccountSessionBeanRemote
	java:jboss/exported/HotelEJB/AccountSessionBean!hotel.ejb.AccountSessionBeanRemote
	java:global/HotelEJB/AccountSessionBean
	java:app/HotelEJB/AccountSessionBean
	java:module/AccountSessionBean

2019-05-02 09:43:05,433 INFO  [org.jboss.as.ejb3.deployment] (MSC service thread 1-5) WFLYEJB0473: JNDI bindings for session bean named 'CustomerBookedSessionBean' in deployment unit 'deployment "HotelEJB.jar"' are as follows:

	java:global/HotelEJB/CustomerBookedSessionBean!hotel.ejb.CustomerBookedSessionBeanRemote
	java:app/HotelEJB/CustomerBookedSessionBean!hotel.ejb.CustomerBookedSessionBeanRemote
	java:module/CustomerBookedSessionBean!hotel.ejb.CustomerBookedSessionBeanRemote
	java:jboss/exported/HotelEJB/CustomerBookedSessionBean!hotel.ejb.CustomerBookedSessionBeanRemote
	java:global/HotelEJB/CustomerBookedSessionBean
	java:app/HotelEJB/CustomerBookedSessionBean
	java:module/CustomerBookedSessionBean

2019-05-02 09:43:05,434 INFO  [org.jboss.as.ejb3.deployment] (MSC service thread 1-5) WFLYEJB0473: JNDI bindings for session bean named 'UserSessionBean' in deployment unit 'deployment "HotelEJB.jar"' are as follows:

	java:global/HotelEJB/UserSessionBean!hotel.ejb.UserSessionBeanRemote
	java:app/HotelEJB/UserSessionBean!hotel.ejb.UserSessionBeanRemote
	java:module/UserSessionBean!hotel.ejb.UserSessionBeanRemote
	java:jboss/exported/HotelEJB/UserSessionBean!hotel.ejb.UserSessionBeanRemote
	java:global/HotelEJB/UserSessionBean
	java:app/HotelEJB/UserSessionBean
	java:module/UserSessionBean

2019-05-02 09:43:05,434 INFO  [org.jboss.as.ejb3.deployment] (MSC service thread 1-5) WFLYEJB0473: JNDI bindings for session bean named 'StatusSessionBean' in deployment unit 'deployment "HotelEJB.jar"' are as follows:

	java:global/HotelEJB/StatusSessionBean!hotel.ejb.StatusSessionBeanRemote
	java:app/HotelEJB/StatusSessionBean!hotel.ejb.StatusSessionBeanRemote
	java:module/StatusSessionBean!hotel.ejb.StatusSessionBeanRemote
	java:jboss/exported/HotelEJB/StatusSessionBean!hotel.ejb.StatusSessionBeanRemote
	java:global/HotelEJB/StatusSessionBean
	java:app/HotelEJB/StatusSessionBean
	java:module/StatusSessionBean

2019-05-02 09:43:05,434 INFO  [org.jboss.as.ejb3.deployment] (MSC service thread 1-5) WFLYEJB0473: JNDI bindings for session bean named 'BillSessionBean' in deployment unit 'deployment "HotelEJB.jar"' are as follows:

	java:global/HotelEJB/BillSessionBean!hotel.ejb.BillSessionBeanRemote
	java:app/HotelEJB/BillSessionBean!hotel.ejb.BillSessionBeanRemote
	java:module/BillSessionBean!hotel.ejb.BillSessionBeanRemote
	java:jboss/exported/HotelEJB/BillSessionBean!hotel.ejb.BillSessionBeanRemote
	java:global/HotelEJB/BillSessionBean
	java:app/HotelEJB/BillSessionBean
	java:module/BillSessionBean

2019-05-02 09:43:05,435 INFO  [org.jboss.as.ejb3.deployment] (MSC service thread 1-5) WFLYEJB0473: JNDI bindings for session bean named 'CheckoutSessionBean' in deployment unit 'deployment "HotelEJB.jar"' are as follows:

	java:global/HotelEJB/CheckoutSessionBean!hotel.ejb.CheckoutSessionBeanRemote
	java:app/HotelEJB/CheckoutSessionBean!hotel.ejb.CheckoutSessionBeanRemote
	java:module/CheckoutSessionBean!hotel.ejb.CheckoutSessionBeanRemote
	java:jboss/exported/HotelEJB/CheckoutSessionBean!hotel.ejb.CheckoutSessionBeanRemote
	java:global/HotelEJB/CheckoutSessionBean
	java:app/HotelEJB/CheckoutSessionBean
	java:module/CheckoutSessionBean

2019-05-02 09:43:05,435 INFO  [org.jboss.as.ejb3.deployment] (MSC service thread 1-5) WFLYEJB0473: JNDI bindings for session bean named 'EmployeeSessionBean' in deployment unit 'deployment "HotelEJB.jar"' are as follows:

	java:global/HotelEJB/EmployeeSessionBean!hotel.ejb.EmployeeSessionBeanRemote
	java:app/HotelEJB/EmployeeSessionBean!hotel.ejb.EmployeeSessionBeanRemote
	java:module/EmployeeSessionBean!hotel.ejb.EmployeeSessionBeanRemote
	java:jboss/exported/HotelEJB/EmployeeSessionBean!hotel.ejb.EmployeeSessionBeanRemote
	java:global/HotelEJB/EmployeeSessionBean
	java:app/HotelEJB/EmployeeSessionBean
	java:module/EmployeeSessionBean

2019-05-02 09:43:05,435 INFO  [org.jboss.as.ejb3.deployment] (MSC service thread 1-5) WFLYEJB0473: JNDI bindings for session bean named 'DatabaseConnection' in deployment unit 'deployment "HotelEJB.jar"' are as follows:

	java:global/HotelEJB/DatabaseConnection!hotel.ejb.DatabaseConnectionRemote
	java:app/HotelEJB/DatabaseConnection!hotel.ejb.DatabaseConnectionRemote
	java:module/DatabaseConnection!hotel.ejb.DatabaseConnectionRemote
	java:jboss/exported/HotelEJB/DatabaseConnection!hotel.ejb.DatabaseConnectionRemote
	java:global/HotelEJB/DatabaseConnection
	java:app/HotelEJB/DatabaseConnection
	java:module/DatabaseConnection

2019-05-02 09:43:05,435 INFO  [org.jboss.as.ejb3.deployment] (MSC service thread 1-5) WFLYEJB0473: JNDI bindings for session bean named 'RoomSessionBean' in deployment unit 'deployment "HotelEJB.jar"' are as follows:

	java:global/HotelEJB/RoomSessionBean!hotel.ejb.RoomSessionBeanRemote
	java:app/HotelEJB/RoomSessionBean!hotel.ejb.RoomSessionBeanRemote
	java:module/RoomSessionBean!hotel.ejb.RoomSessionBeanRemote
	java:jboss/exported/HotelEJB/RoomSessionBean!hotel.ejb.RoomSessionBeanRemote
	java:global/HotelEJB/RoomSessionBean
	java:app/HotelEJB/RoomSessionBean
	java:module/RoomSessionBean

2019-05-02 09:43:05,435 INFO  [org.jboss.as.ejb3.deployment] (MSC service thread 1-5) WFLYEJB0473: JNDI bindings for session bean named 'CustomerSessionBean' in deployment unit 'deployment "HotelEJB.jar"' are as follows:

	java:global/HotelEJB/CustomerSessionBean!hotel.ejb.CustomerSessionBeanRemote
	java:app/HotelEJB/CustomerSessionBean!hotel.ejb.CustomerSessionBeanRemote
	java:module/CustomerSessionBean!hotel.ejb.CustomerSessionBeanRemote
	java:jboss/exported/HotelEJB/CustomerSessionBean!hotel.ejb.CustomerSessionBeanRemote
	java:global/HotelEJB/CustomerSessionBean
	java:app/HotelEJB/CustomerSessionBean
	java:module/CustomerSessionBean

2019-05-02 09:43:05,436 INFO  [org.jboss.as.ejb3.deployment] (MSC service thread 1-5) WFLYEJB0473: JNDI bindings for session bean named 'UseradminSessionBean' in deployment unit 'deployment "HotelEJB.jar"' are as follows:

	java:global/HotelEJB/UseradminSessionBean!hotel.ejb.UseradminSessionBeanRemote
	java:app/HotelEJB/UseradminSessionBean!hotel.ejb.UseradminSessionBeanRemote
	java:module/UseradminSessionBean!hotel.ejb.UseradminSessionBeanRemote
	java:jboss/exported/HotelEJB/UseradminSessionBean!hotel.ejb.UseradminSessionBeanRemote
	java:global/HotelEJB/UseradminSessionBean
	java:app/HotelEJB/UseradminSessionBean
	java:module/UseradminSessionBean

2019-05-02 09:43:05,436 INFO  [org.jboss.as.ejb3.deployment] (MSC service thread 1-5) WFLYEJB0473: JNDI bindings for session bean named 'TobookSessionBean' in deployment unit 'deployment "HotelEJB.jar"' are as follows:

	java:global/HotelEJB/TobookSessionBean!hotel.ejb.TobookSessionBeanRemote
	java:app/HotelEJB/TobookSessionBean!hotel.ejb.TobookSessionBeanRemote
	java:module/TobookSessionBean!hotel.ejb.TobookSessionBeanRemote
	java:jboss/exported/HotelEJB/TobookSessionBean!hotel.ejb.TobookSessionBeanRemote
	java:global/HotelEJB/TobookSessionBean
	java:app/HotelEJB/TobookSessionBean
	java:module/TobookSessionBean

2019-05-02 09:43:05,436 INFO  [org.jboss.as.ejb3.deployment] (MSC service thread 1-5) WFLYEJB0473: JNDI bindings for session bean named 'CheckinSessionBean' in deployment unit 'deployment "HotelEJB.jar"' are as follows:

	java:global/HotelEJB/CheckinSessionBean!hotel.ejb.CheckinSessionBeanRemote
	java:app/HotelEJB/CheckinSessionBean!hotel.ejb.CheckinSessionBeanRemote
	java:module/CheckinSessionBean!hotel.ejb.CheckinSessionBeanRemote
	java:jboss/exported/HotelEJB/CheckinSessionBean!hotel.ejb.CheckinSessionBeanRemote
	java:global/HotelEJB/CheckinSessionBean
	java:app/HotelEJB/CheckinSessionBean
	java:module/CheckinSessionBean

2019-05-02 09:43:05,630 INFO  [org.infinispan.configuration.cache.EvictionConfigurationBuilder] (ServerService Thread Pool -- 58) ISPN000152: Passivation configured without an eviction policy being selected. Only manually evicted entities will be passivated.
2019-05-02 09:43:05,632 INFO  [org.infinispan.configuration.cache.EvictionConfigurationBuilder] (ServerService Thread Pool -- 58) ISPN000152: Passivation configured without an eviction policy being selected. Only manually evicted entities will be passivated.
2019-05-02 09:43:05,634 INFO  [org.infinispan.configuration.cache.EvictionConfigurationBuilder] (ServerService Thread Pool -- 58) ISPN000152: Passivation configured without an eviction policy being selected. Only manually evicted entities will be passivated.
2019-05-02 09:43:05,635 INFO  [org.infinispan.configuration.cache.EvictionConfigurationBuilder] (ServerService Thread Pool -- 58) ISPN000152: Passivation configured without an eviction policy being selected. Only manually evicted entities will be passivated.
2019-05-02 09:43:05,650 INFO  [org.jboss.weld.deployer] (MSC service thread 1-8) WFLYWELD0006: Starting Services for CDI deployment: HotelEJB.jar
2019-05-02 09:43:05,697 INFO  [org.jboss.weld.Version] (MSC service thread 1-8) WELD-000900: 2.3.3 (redhat)
2019-05-02 09:43:05,717 INFO  [org.jboss.weld.deployer] (MSC service thread 1-8) WFLYWELD0009: Starting weld service for deployment HotelEJB.jar
2019-05-02 09:43:06,038 INFO  [org.jboss.as.clustering.infinispan] (ServerService Thread Pool -- 58) WFLYCLINF0002: Started client-mappings cache from ejb container
2019-05-02 09:43:06,662 INFO  [org.jboss.as.server] (Controller Boot Thread) WFLYSRV0010: Deployed "postgresql-9.3-1104.jdbc41.jar" (runtime-name : "postgresql-9.3-1104.jdbc41.jar")
2019-05-02 09:43:06,664 INFO  [org.jboss.as.server] (ServerService Thread Pool -- 34) WFLYSRV0010: Deployed "HotelEJB.jar" (runtime-name : "HotelEJB.jar")
2019-05-02 09:43:06,788 INFO  [org.jboss.as] (Controller Boot Thread) WFLYSRV0060: Http management interface listening on http://127.0.0.1:9990/management
2019-05-02 09:43:06,788 INFO  [org.jboss.as] (Controller Boot Thread) WFLYSRV0051: Admin console listening on http://127.0.0.1:9990
2019-05-02 09:43:06,788 INFO  [org.jboss.as] (Controller Boot Thread) WFLYSRV0025: JBoss EAP 7.0.0.GA (WildFly Core 2.1.2.Final-redhat-1) started in 6562ms - Started 806 of 1079 services (388 services are lazy, passive or on-demand)
2019-05-02 10:22:55,957 INFO  [org.jboss.weld.deployer] (MSC service thread 1-8) WFLYWELD0010: Stopping weld service for deployment HotelEJB.jar
2019-05-02 10:22:55,998 INFO  [org.jboss.as.server.deployment] (MSC service thread 1-5) WFLYSRV0028: Stopped deployment HotelEJB.jar (runtime-name: HotelEJB.jar) in 63ms
2019-05-02 10:22:55,999 INFO  [org.jboss.as.server.deployment] (MSC service thread 1-8) WFLYSRV0027: Starting deployment of "HotelEJB.jar" (runtime-name: "HotelEJB.jar")
2019-05-02 10:22:56,005 INFO  [org.jboss.as.clustering.infinispan] (ServerService Thread Pool -- 78) WFLYCLINF0003: Stopped client-mappings cache from ejb container
2019-05-02 10:22:56,063 INFO  [org.jboss.weld.deployer] (MSC service thread 1-4) WFLYWELD0003: Processing weld deployment HotelEJB.jar
2019-05-02 10:22:56,071 INFO  [org.jboss.as.ejb3.deployment] (MSC service thread 1-4) WFLYEJB0473: JNDI bindings for session bean named 'AccountSessionBean' in deployment unit 'deployment "HotelEJB.jar"' are as follows:

	java:global/HotelEJB/AccountSessionBean!hotel.ejb.AccountSessionBeanRemote
	java:app/HotelEJB/AccountSessionBean!hotel.ejb.AccountSessionBeanRemote
	java:module/AccountSessionBean!hotel.ejb.AccountSessionBeanRemote
	java:jboss/exported/HotelEJB/AccountSessionBean!hotel.ejb.AccountSessionBeanRemote
	java:global/HotelEJB/AccountSessionBean
	java:app/HotelEJB/AccountSessionBean
	java:module/AccountSessionBean

2019-05-02 10:22:56,071 INFO  [org.jboss.as.ejb3.deployment] (MSC service thread 1-4) WFLYEJB0473: JNDI bindings for session bean named 'CustomerBookedSessionBean' in deployment unit 'deployment "HotelEJB.jar"' are as follows:

	java:global/HotelEJB/CustomerBookedSessionBean!hotel.ejb.CustomerBookedSessionBeanRemote
	java:app/HotelEJB/CustomerBookedSessionBean!hotel.ejb.CustomerBookedSessionBeanRemote
	java:module/CustomerBookedSessionBean!hotel.ejb.CustomerBookedSessionBeanRemote
	java:jboss/exported/HotelEJB/CustomerBookedSessionBean!hotel.ejb.CustomerBookedSessionBeanRemote
	java:global/HotelEJB/CustomerBookedSessionBean
	java:app/HotelEJB/CustomerBookedSessionBean
	java:module/CustomerBookedSessionBean

2019-05-02 10:22:56,071 INFO  [org.jboss.as.ejb3.deployment] (MSC service thread 1-4) WFLYEJB0473: JNDI bindings for session bean named 'UserSessionBean' in deployment unit 'deployment "HotelEJB.jar"' are as follows:

	java:global/HotelEJB/UserSessionBean!hotel.ejb.UserSessionBeanRemote
	java:app/HotelEJB/UserSessionBean!hotel.ejb.UserSessionBeanRemote
	java:module/UserSessionBean!hotel.ejb.UserSessionBeanRemote
	java:jboss/exported/HotelEJB/UserSessionBean!hotel.ejb.UserSessionBeanRemote
	java:global/HotelEJB/UserSessionBean
	java:app/HotelEJB/UserSessionBean
	java:module/UserSessionBean

2019-05-02 10:22:56,072 INFO  [org.jboss.as.ejb3.deployment] (MSC service thread 1-4) WFLYEJB0473: JNDI bindings for session bean named 'StatusSessionBean' in deployment unit 'deployment "HotelEJB.jar"' are as follows:

	java:global/HotelEJB/StatusSessionBean!hotel.ejb.StatusSessionBeanRemote
	java:app/HotelEJB/StatusSessionBean!hotel.ejb.StatusSessionBeanRemote
	java:module/StatusSessionBean!hotel.ejb.StatusSessionBeanRemote
	java:jboss/exported/HotelEJB/StatusSessionBean!hotel.ejb.StatusSessionBeanRemote
	java:global/HotelEJB/StatusSessionBean
	java:app/HotelEJB/StatusSessionBean
	java:module/StatusSessionBean

2019-05-02 10:22:56,072 INFO  [org.jboss.as.ejb3.deployment] (MSC service thread 1-4) WFLYEJB0473: JNDI bindings for session bean named 'BillSessionBean' in deployment unit 'deployment "HotelEJB.jar"' are as follows:

	java:global/HotelEJB/BillSessionBean!hotel.ejb.BillSessionBeanRemote
	java:app/HotelEJB/BillSessionBean!hotel.ejb.BillSessionBeanRemote
	java:module/BillSessionBean!hotel.ejb.BillSessionBeanRemote
	java:jboss/exported/HotelEJB/BillSessionBean!hotel.ejb.BillSessionBeanRemote
	java:global/HotelEJB/BillSessionBean
	java:app/HotelEJB/BillSessionBean
	java:module/BillSessionBean

2019-05-02 10:22:56,072 INFO  [org.jboss.as.ejb3.deployment] (MSC service thread 1-4) WFLYEJB0473: JNDI bindings for session bean named 'CheckoutSessionBean' in deployment unit 'deployment "HotelEJB.jar"' are as follows:

	java:global/HotelEJB/CheckoutSessionBean!hotel.ejb.CheckoutSessionBeanRemote
	java:app/HotelEJB/CheckoutSessionBean!hotel.ejb.CheckoutSessionBeanRemote
	java:module/CheckoutSessionBean!hotel.ejb.CheckoutSessionBeanRemote
	java:jboss/exported/HotelEJB/CheckoutSessionBean!hotel.ejb.CheckoutSessionBeanRemote
	java:global/HotelEJB/CheckoutSessionBean
	java:app/HotelEJB/CheckoutSessionBean
	java:module/CheckoutSessionBean

2019-05-02 10:22:56,072 INFO  [org.jboss.as.ejb3.deployment] (MSC service thread 1-4) WFLYEJB0473: JNDI bindings for session bean named 'EmployeeSessionBean' in deployment unit 'deployment "HotelEJB.jar"' are as follows:

	java:global/HotelEJB/EmployeeSessionBean!hotel.ejb.EmployeeSessionBeanRemote
	java:app/HotelEJB/EmployeeSessionBean!hotel.ejb.EmployeeSessionBeanRemote
	java:module/EmployeeSessionBean!hotel.ejb.EmployeeSessionBeanRemote
	java:jboss/exported/HotelEJB/EmployeeSessionBean!hotel.ejb.EmployeeSessionBeanRemote
	java:global/HotelEJB/EmployeeSessionBean
	java:app/HotelEJB/EmployeeSessionBean
	java:module/EmployeeSessionBean

2019-05-02 10:22:56,073 INFO  [org.jboss.as.ejb3.deployment] (MSC service thread 1-4) WFLYEJB0473: JNDI bindings for session bean named 'DatabaseConnection' in deployment unit 'deployment "HotelEJB.jar"' are as follows:

	java:global/HotelEJB/DatabaseConnection!hotel.ejb.DatabaseConnectionRemote
	java:app/HotelEJB/DatabaseConnection!hotel.ejb.DatabaseConnectionRemote
	java:module/DatabaseConnection!hotel.ejb.DatabaseConnectionRemote
	java:jboss/exported/HotelEJB/DatabaseConnection!hotel.ejb.DatabaseConnectionRemote
	java:global/HotelEJB/DatabaseConnection
	java:app/HotelEJB/DatabaseConnection
	java:module/DatabaseConnection

2019-05-02 10:22:56,073 INFO  [org.jboss.as.ejb3.deployment] (MSC service thread 1-4) WFLYEJB0473: JNDI bindings for session bean named 'RoomSessionBean' in deployment unit 'deployment "HotelEJB.jar"' are as follows:

	java:global/HotelEJB/RoomSessionBean!hotel.ejb.RoomSessionBeanRemote
	java:app/HotelEJB/RoomSessionBean!hotel.ejb.RoomSessionBeanRemote
	java:module/RoomSessionBean!hotel.ejb.RoomSessionBeanRemote
	java:jboss/exported/HotelEJB/RoomSessionBean!hotel.ejb.RoomSessionBeanRemote
	java:global/HotelEJB/RoomSessionBean
	java:app/HotelEJB/RoomSessionBean
	java:module/RoomSessionBean

2019-05-02 10:22:56,073 INFO  [org.jboss.as.ejb3.deployment] (MSC service thread 1-4) WFLYEJB0473: JNDI bindings for session bean named 'CustomerSessionBean' in deployment unit 'deployment "HotelEJB.jar"' are as follows:

	java:global/HotelEJB/CustomerSessionBean!hotel.ejb.CustomerSessionBeanRemote
	java:app/HotelEJB/CustomerSessionBean!hotel.ejb.CustomerSessionBeanRemote
	java:module/CustomerSessionBean!hotel.ejb.CustomerSessionBeanRemote
	java:jboss/exported/HotelEJB/CustomerSessionBean!hotel.ejb.CustomerSessionBeanRemote
	java:global/HotelEJB/CustomerSessionBean
	java:app/HotelEJB/CustomerSessionBean
	java:module/CustomerSessionBean

2019-05-02 10:22:56,073 INFO  [org.jboss.as.ejb3.deployment] (MSC service thread 1-4) WFLYEJB0473: JNDI bindings for session bean named 'UseradminSessionBean' in deployment unit 'deployment "HotelEJB.jar"' are as follows:

	java:global/HotelEJB/UseradminSessionBean!hotel.ejb.UseradminSessionBeanRemote
	java:app/HotelEJB/UseradminSessionBean!hotel.ejb.UseradminSessionBeanRemote
	java:module/UseradminSessionBean!hotel.ejb.UseradminSessionBeanRemote
	java:jboss/exported/HotelEJB/UseradminSessionBean!hotel.ejb.UseradminSessionBeanRemote
	java:global/HotelEJB/UseradminSessionBean
	java:app/HotelEJB/UseradminSessionBean
	java:module/UseradminSessionBean

2019-05-02 10:22:56,073 INFO  [org.jboss.as.ejb3.deployment] (MSC service thread 1-4) WFLYEJB0473: JNDI bindings for session bean named 'TobookSessionBean' in deployment unit 'deployment "HotelEJB.jar"' are as follows:

	java:global/HotelEJB/TobookSessionBean!hotel.ejb.TobookSessionBeanRemote
	java:app/HotelEJB/TobookSessionBean!hotel.ejb.TobookSessionBeanRemote
	java:module/TobookSessionBean!hotel.ejb.TobookSessionBeanRemote
	java:jboss/exported/HotelEJB/TobookSessionBean!hotel.ejb.TobookSessionBeanRemote
	java:global/HotelEJB/TobookSessionBean
	java:app/HotelEJB/TobookSessionBean
	java:module/TobookSessionBean

2019-05-02 10:22:56,074 INFO  [org.jboss.as.ejb3.deployment] (MSC service thread 1-4) WFLYEJB0473: JNDI bindings for session bean named 'CheckinSessionBean' in deployment unit 'deployment "HotelEJB.jar"' are as follows:

	java:global/HotelEJB/CheckinSessionBean!hotel.ejb.CheckinSessionBeanRemote
	java:app/HotelEJB/CheckinSessionBean!hotel.ejb.CheckinSessionBeanRemote
	java:module/CheckinSessionBean!hotel.ejb.CheckinSessionBeanRemote
	java:jboss/exported/HotelEJB/CheckinSessionBean!hotel.ejb.CheckinSessionBeanRemote
	java:global/HotelEJB/CheckinSessionBean
	java:app/HotelEJB/CheckinSessionBean
	java:module/CheckinSessionBean

2019-05-02 10:22:56,142 INFO  [org.infinispan.configuration.cache.EvictionConfigurationBuilder] (ServerService Thread Pool -- 78) ISPN000152: Passivation configured without an eviction policy being selected. Only manually evicted entities will be passivated.
2019-05-02 10:22:56,144 INFO  [org.infinispan.configuration.cache.EvictionConfigurationBuilder] (ServerService Thread Pool -- 78) ISPN000152: Passivation configured without an eviction policy being selected. Only manually evicted entities will be passivated.
2019-05-02 10:22:56,145 INFO  [org.infinispan.configuration.cache.EvictionConfigurationBuilder] (ServerService Thread Pool -- 78) ISPN000152: Passivation configured without an eviction policy being selected. Only manually evicted entities will be passivated.
2019-05-02 10:22:56,146 INFO  [org.infinispan.configuration.cache.EvictionConfigurationBuilder] (ServerService Thread Pool -- 78) ISPN000152: Passivation configured without an eviction policy being selected. Only manually evicted entities will be passivated.
2019-05-02 10:22:56,157 INFO  [org.jboss.as.clustering.infinispan] (ServerService Thread Pool -- 78) WFLYCLINF0002: Started client-mappings cache from ejb container
2019-05-02 10:22:56,173 INFO  [org.jboss.weld.deployer] (MSC service thread 1-5) WFLYWELD0006: Starting Services for CDI deployment: HotelEJB.jar
2019-05-02 10:22:56,181 INFO  [org.jboss.weld.deployer] (MSC service thread 1-2) WFLYWELD0009: Starting weld service for deployment HotelEJB.jar
2019-05-02 10:22:56,439 INFO  [org.jboss.as.server] (DeploymentScanner-threads - 2) WFLYSRV0016: Replaced deployment "HotelEJB.jar" with deployment "HotelEJB.jar"
2019-05-02 10:23:26,682 INFO  [org.jboss.weld.deployer] (MSC service thread 1-8) WFLYWELD0010: Stopping weld service for deployment HotelEJB.jar
2019-05-02 10:23:26,712 INFO  [org.jboss.as.clustering.infinispan] (ServerService Thread Pool -- 88) WFLYCLINF0003: Stopped client-mappings cache from ejb container
2019-05-02 10:23:26,715 INFO  [org.jboss.as.server.deployment] (MSC service thread 1-2) WFLYSRV0028: Stopped deployment HotelEJB.jar (runtime-name: HotelEJB.jar) in 46ms
2019-05-02 10:23:26,740 INFO  [org.jboss.as.server] (management-handler-thread - 7) WFLYSRV0009: Undeployed "HotelEJB.jar" (runtime-name: "HotelEJB.jar")
2019-05-02 10:23:31,486 INFO  [org.jboss.as.server.deployment.scanner] (DeploymentScanner-threads - 1) WFLYDS0004: Found HotelEJB.jar in deployment directory. To trigger deployment create a file called HotelEJB.jar.dodeploy
2019-05-02 10:23:31,492 INFO  [org.jboss.as.server.deployment] (MSC service thread 1-4) WFLYSRV0027: Starting deployment of "HotelEJB.jar" (runtime-name: "HotelEJB.jar")
2019-05-02 10:23:31,540 INFO  [org.jboss.weld.deployer] (MSC service thread 1-8) WFLYWELD0003: Processing weld deployment HotelEJB.jar
2019-05-02 10:23:31,545 INFO  [org.jboss.as.ejb3.deployment] (MSC service thread 1-8) WFLYEJB0473: JNDI bindings for session bean named 'AccountSessionBean' in deployment unit 'deployment "HotelEJB.jar"' are as follows:

	java:global/HotelEJB/AccountSessionBean!hotel.ejb.AccountSessionBeanRemote
	java:app/HotelEJB/AccountSessionBean!hotel.ejb.AccountSessionBeanRemote
	java:module/AccountSessionBean!hotel.ejb.AccountSessionBeanRemote
	java:jboss/exported/HotelEJB/AccountSessionBean!hotel.ejb.AccountSessionBeanRemote
	java:global/HotelEJB/AccountSessionBean
	java:app/HotelEJB/AccountSessionBean
	java:module/AccountSessionBean

2019-05-02 10:23:31,545 INFO  [org.jboss.as.ejb3.deployment] (MSC service thread 1-8) WFLYEJB0473: JNDI bindings for session bean named 'CustomerBookedSessionBean' in deployment unit 'deployment "HotelEJB.jar"' are as follows:

	java:global/HotelEJB/CustomerBookedSessionBean!hotel.ejb.CustomerBookedSessionBeanRemote
	java:app/HotelEJB/CustomerBookedSessionBean!hotel.ejb.CustomerBookedSessionBeanRemote
	java:module/CustomerBookedSessionBean!hotel.ejb.CustomerBookedSessionBeanRemote
	java:jboss/exported/HotelEJB/CustomerBookedSessionBean!hotel.ejb.CustomerBookedSessionBeanRemote
	java:global/HotelEJB/CustomerBookedSessionBean
	java:app/HotelEJB/CustomerBookedSessionBean
	java:module/CustomerBookedSessionBean

2019-05-02 10:23:31,546 INFO  [org.jboss.as.ejb3.deployment] (MSC service thread 1-8) WFLYEJB0473: JNDI bindings for session bean named 'UserSessionBean' in deployment unit 'deployment "HotelEJB.jar"' are as follows:

	java:global/HotelEJB/UserSessionBean!hotel.ejb.UserSessionBeanRemote
	java:app/HotelEJB/UserSessionBean!hotel.ejb.UserSessionBeanRemote
	java:module/UserSessionBean!hotel.ejb.UserSessionBeanRemote
	java:jboss/exported/HotelEJB/UserSessionBean!hotel.ejb.UserSessionBeanRemote
	java:global/HotelEJB/UserSessionBean
	java:app/HotelEJB/UserSessionBean
	java:module/UserSessionBean

2019-05-02 10:23:31,546 INFO  [org.jboss.as.ejb3.deployment] (MSC service thread 1-8) WFLYEJB0473: JNDI bindings for session bean named 'StatusSessionBean' in deployment unit 'deployment "HotelEJB.jar"' are as follows:

	java:global/HotelEJB/StatusSessionBean!hotel.ejb.StatusSessionBeanRemote
	java:app/HotelEJB/StatusSessionBean!hotel.ejb.StatusSessionBeanRemote
	java:module/StatusSessionBean!hotel.ejb.StatusSessionBeanRemote
	java:jboss/exported/HotelEJB/StatusSessionBean!hotel.ejb.StatusSessionBeanRemote
	java:global/HotelEJB/StatusSessionBean
	java:app/HotelEJB/StatusSessionBean
	java:module/StatusSessionBean

2019-05-02 10:23:31,546 INFO  [org.jboss.as.ejb3.deployment] (MSC service thread 1-8) WFLYEJB0473: JNDI bindings for session bean named 'BillSessionBean' in deployment unit 'deployment "HotelEJB.jar"' are as follows:

	java:global/HotelEJB/BillSessionBean!hotel.ejb.BillSessionBeanRemote
	java:app/HotelEJB/BillSessionBean!hotel.ejb.BillSessionBeanRemote
	java:module/BillSessionBean!hotel.ejb.BillSessionBeanRemote
	java:jboss/exported/HotelEJB/BillSessionBean!hotel.ejb.BillSessionBeanRemote
	java:global/HotelEJB/BillSessionBean
	java:app/HotelEJB/BillSessionBean
	java:module/BillSessionBean

2019-05-02 10:23:31,546 INFO  [org.jboss.as.ejb3.deployment] (MSC service thread 1-8) WFLYEJB0473: JNDI bindings for session bean named 'CheckoutSessionBean' in deployment unit 'deployment "HotelEJB.jar"' are as follows:

	java:global/HotelEJB/CheckoutSessionBean!hotel.ejb.CheckoutSessionBeanRemote
	java:app/HotelEJB/CheckoutSessionBean!hotel.ejb.CheckoutSessionBeanRemote
	java:module/CheckoutSessionBean!hotel.ejb.CheckoutSessionBeanRemote
	java:jboss/exported/HotelEJB/CheckoutSessionBean!hotel.ejb.CheckoutSessionBeanRemote
	java:global/HotelEJB/CheckoutSessionBean
	java:app/HotelEJB/CheckoutSessionBean
	java:module/CheckoutSessionBean

2019-05-02 10:23:31,546 INFO  [org.jboss.as.ejb3.deployment] (MSC service thread 1-8) WFLYEJB0473: JNDI bindings for session bean named 'EmployeeSessionBean' in deployment unit 'deployment "HotelEJB.jar"' are as follows:

	java:global/HotelEJB/EmployeeSessionBean!hotel.ejb.EmployeeSessionBeanRemote
	java:app/HotelEJB/EmployeeSessionBean!hotel.ejb.EmployeeSessionBeanRemote
	java:module/EmployeeSessionBean!hotel.ejb.EmployeeSessionBeanRemote
	java:jboss/exported/HotelEJB/EmployeeSessionBean!hotel.ejb.EmployeeSessionBeanRemote
	java:global/HotelEJB/EmployeeSessionBean
	java:app/HotelEJB/EmployeeSessionBean
	java:module/EmployeeSessionBean

2019-05-02 10:23:31,546 INFO  [org.jboss.as.ejb3.deployment] (MSC service thread 1-8) WFLYEJB0473: JNDI bindings for session bean named 'DatabaseConnection' in deployment unit 'deployment "HotelEJB.jar"' are as follows:

	java:global/HotelEJB/DatabaseConnection!hotel.ejb.DatabaseConnectionRemote
	java:app/HotelEJB/DatabaseConnection!hotel.ejb.DatabaseConnectionRemote
	java:module/DatabaseConnection!hotel.ejb.DatabaseConnectionRemote
	java:jboss/exported/HotelEJB/DatabaseConnection!hotel.ejb.DatabaseConnectionRemote
	java:global/HotelEJB/DatabaseConnection
	java:app/HotelEJB/DatabaseConnection
	java:module/DatabaseConnection

2019-05-02 10:23:31,547 INFO  [org.jboss.as.ejb3.deployment] (MSC service thread 1-8) WFLYEJB0473: JNDI bindings for session bean named 'RoomSessionBean' in deployment unit 'deployment "HotelEJB.jar"' are as follows:

	java:global/HotelEJB/RoomSessionBean!hotel.ejb.RoomSessionBeanRemote
	java:app/HotelEJB/RoomSessionBean!hotel.ejb.RoomSessionBeanRemote
	java:module/RoomSessionBean!hotel.ejb.RoomSessionBeanRemote
	java:jboss/exported/HotelEJB/RoomSessionBean!hotel.ejb.RoomSessionBeanRemote
	java:global/HotelEJB/RoomSessionBean
	java:app/HotelEJB/RoomSessionBean
	java:module/RoomSessionBean

2019-05-02 10:23:31,547 INFO  [org.jboss.as.ejb3.deployment] (MSC service thread 1-8) WFLYEJB0473: JNDI bindings for session bean named 'CustomerSessionBean' in deployment unit 'deployment "HotelEJB.jar"' are as follows:

	java:global/HotelEJB/CustomerSessionBean!hotel.ejb.CustomerSessionBeanRemote
	java:app/HotelEJB/CustomerSessionBean!hotel.ejb.CustomerSessionBeanRemote
	java:module/CustomerSessionBean!hotel.ejb.CustomerSessionBeanRemote
	java:jboss/exported/HotelEJB/CustomerSessionBean!hotel.ejb.CustomerSessionBeanRemote
	java:global/HotelEJB/CustomerSessionBean
	java:app/HotelEJB/CustomerSessionBean
	java:module/CustomerSessionBean

2019-05-02 10:23:31,547 INFO  [org.jboss.as.ejb3.deployment] (MSC service thread 1-8) WFLYEJB0473: JNDI bindings for session bean named 'UseradminSessionBean' in deployment unit 'deployment "HotelEJB.jar"' are as follows:

	java:global/HotelEJB/UseradminSessionBean!hotel.ejb.UseradminSessionBeanRemote
	java:app/HotelEJB/UseradminSessionBean!hotel.ejb.UseradminSessionBeanRemote
	java:module/UseradminSessionBean!hotel.ejb.UseradminSessionBeanRemote
	java:jboss/exported/HotelEJB/UseradminSessionBean!hotel.ejb.UseradminSessionBeanRemote
	java:global/HotelEJB/UseradminSessionBean
	java:app/HotelEJB/UseradminSessionBean
	java:module/UseradminSessionBean

2019-05-02 10:23:31,547 INFO  [org.jboss.as.ejb3.deployment] (MSC service thread 1-8) WFLYEJB0473: JNDI bindings for session bean named 'TobookSessionBean' in deployment unit 'deployment "HotelEJB.jar"' are as follows:

	java:global/HotelEJB/TobookSessionBean!hotel.ejb.TobookSessionBeanRemote
	java:app/HotelEJB/TobookSessionBean!hotel.ejb.TobookSessionBeanRemote
	java:module/TobookSessionBean!hotel.ejb.TobookSessionBeanRemote
	java:jboss/exported/HotelEJB/TobookSessionBean!hotel.ejb.TobookSessionBeanRemote
	java:global/HotelEJB/TobookSessionBean
	java:app/HotelEJB/TobookSessionBean
	java:module/TobookSessionBean

2019-05-02 10:23:31,547 INFO  [org.jboss.as.ejb3.deployment] (MSC service thread 1-8) WFLYEJB0473: JNDI bindings for session bean named 'CheckinSessionBean' in deployment unit 'deployment "HotelEJB.jar"' are as follows:

	java:global/HotelEJB/CheckinSessionBean!hotel.ejb.CheckinSessionBeanRemote
	java:app/HotelEJB/CheckinSessionBean!hotel.ejb.CheckinSessionBeanRemote
	java:module/CheckinSessionBean!hotel.ejb.CheckinSessionBeanRemote
	java:jboss/exported/HotelEJB/CheckinSessionBean!hotel.ejb.CheckinSessionBeanRemote
	java:global/HotelEJB/CheckinSessionBean
	java:app/HotelEJB/CheckinSessionBean
	java:module/CheckinSessionBean

2019-05-02 10:23:31,601 INFO  [org.infinispan.configuration.cache.EvictionConfigurationBuilder] (ServerService Thread Pool -- 89) ISPN000152: Passivation configured without an eviction policy being selected. Only manually evicted entities will be passivated.
2019-05-02 10:23:31,603 INFO  [org.infinispan.configuration.cache.EvictionConfigurationBuilder] (ServerService Thread Pool -- 89) ISPN000152: Passivation configured without an eviction policy being selected. Only manually evicted entities will be passivated.
2019-05-02 10:23:31,603 INFO  [org.infinispan.configuration.cache.EvictionConfigurationBuilder] (ServerService Thread Pool -- 89) ISPN000152: Passivation configured without an eviction policy being selected. Only manually evicted entities will be passivated.
2019-05-02 10:23:31,604 INFO  [org.infinispan.configuration.cache.EvictionConfigurationBuilder] (ServerService Thread Pool -- 89) ISPN000152: Passivation configured without an eviction policy being selected. Only manually evicted entities will be passivated.
2019-05-02 10:23:31,620 INFO  [org.jboss.as.clustering.infinispan] (ServerService Thread Pool -- 89) WFLYCLINF0002: Started client-mappings cache from ejb container
2019-05-02 10:23:31,630 INFO  [org.jboss.weld.deployer] (MSC service thread 1-4) WFLYWELD0006: Starting Services for CDI deployment: HotelEJB.jar
2019-05-02 10:23:31,640 INFO  [org.jboss.weld.deployer] (MSC service thread 1-4) WFLYWELD0009: Starting weld service for deployment HotelEJB.jar
2019-05-02 10:23:31,847 INFO  [org.jboss.as.server] (DeploymentScanner-threads - 2) WFLYSRV0010: Deployed "HotelEJB.jar" (runtime-name : "HotelEJB.jar")
2019-05-02 10:34:30,034 INFO  [org.jboss.as.server] (management-handler-thread - 9) WFLYSRV0236: Suspending server with no timeout.
2019-05-02 10:34:30,040 INFO  [org.jboss.as.server] (Thread-2) WFLYSRV0220: Server shutdown has been requested.
2019-05-02 10:34:30,044 INFO  [org.jboss.as.connector.deployers.jdbc] (MSC service thread 1-6) WFLYJCA0019: Stopped Driver service with driver-name = postgresql-9.3-1104.jdbc41.jar
2019-05-02 10:34:30,065 INFO  [org.jboss.as.connector.subsystems.datasources] (MSC service thread 1-3) WFLYJCA0010: Unbound data source [java:/PostgresDS]
2019-05-02 10:34:30,070 INFO  [org.wildfly.extension.undertow] (MSC service thread 1-8) WFLYUT0019: Host default-host stopping
2019-05-02 10:34:30,075 INFO  [org.jboss.weld.deployer] (MSC service thread 1-6) WFLYWELD0010: Stopping weld service for deployment HotelEJB.jar
2019-05-02 10:34:30,097 INFO  [org.jboss.as.connector.deployers.jdbc] (MSC service thread 1-5) WFLYJCA0019: Stopped Driver service with driver-name = postgresql
2019-05-02 10:34:30,099 INFO  [org.jboss.as.connector.subsystems.datasources] (MSC service thread 1-1) WFLYJCA0010: Unbound data source [java:jboss/datasources/ExampleDS]
2019-05-02 10:34:30,105 INFO  [org.jboss.as.connector.deployers.jdbc] (MSC service thread 1-5) WFLYJCA0019: Stopped Driver service with driver-name = h2
2019-05-02 10:34:30,109 INFO  [org.jboss.as.server.deployment] (MSC service thread 1-2) WFLYSRV0028: Stopped deployment HotelEJB.jar (runtime-name: HotelEJB.jar) in 62ms
2019-05-02 10:34:30,109 INFO  [org.wildfly.extension.undertow] (MSC service thread 1-3) WFLYUT0008: Undertow HTTP listener default suspending
2019-05-02 10:34:30,110 INFO  [org.wildfly.extension.undertow] (MSC service thread 1-3) WFLYUT0007: Undertow HTTP listener default stopped, was bound to 127.0.0.1:8080
2019-05-02 10:34:30,110 INFO  [org.jboss.as.clustering.infinispan] (ServerService Thread Pool -- 100) WFLYCLINF0003: Stopped client-mappings cache from ejb container
2019-05-02 10:34:30,111 INFO  [org.jboss.as.server.deployment] (MSC service thread 1-1) WFLYSRV0028: Stopped deployment postgresql-9.3-1104.jdbc41.jar (runtime-name: postgresql-9.3-1104.jdbc41.jar) in 64ms
2019-05-02 10:34:30,111 INFO  [org.wildfly.extension.undertow] (MSC service thread 1-3) WFLYUT0004: Undertow 1.3.21.Final-redhat-1 stopping
2019-05-02 10:34:30,125 INFO  [org.jboss.as] (MSC service thread 1-4) WFLYSRV0050: JBoss EAP 7.0.0.GA (WildFly Core 2.1.2.Final-redhat-1) stopped in 72ms
2019-05-02 12:29:27,761 INFO  [org.jboss.modules] (main) JBoss Modules version 1.5.1.Final-redhat-1
2019-05-02 12:29:28,139 INFO  [org.jboss.msc] (main) JBoss MSC version 1.2.6.Final-redhat-1
2019-05-02 12:29:28,286 INFO  [org.jboss.as] (MSC service thread 1-7) WFLYSRV0049: JBoss EAP 7.0.0.GA (WildFly Core 2.1.2.Final-redhat-1) starting
2019-05-02 12:29:28,289 DEBUG [org.jboss.as.config] (MSC service thread 1-7) Configured system properties:
	[Standalone] = 
	awt.toolkit = sun.lwawt.macosx.LWCToolkit
	file.encoding = UTF-8
	file.encoding.pkg = sun.io
	file.separator = /
	ftp.nonProxyHosts = local|*.local|169.254/16|*.169.254/16
	gopherProxySet = false
	http.nonProxyHosts = localhost,127.0.0.1,MacBook-Pro-cua-Wind.local
	java.awt.graphicsenv = sun.awt.CGraphicsEnvironment
	java.awt.headless = true
	java.awt.printerjob = sun.lwawt.macosx.CPrinterJob
	java.class.path = /Users/windsora/EAP-7.0.0/jboss-modules.jar
	java.class.version = 52.0
	java.endorsed.dirs = /Library/Java/JavaVirtualMachines/jdk1.8.0_201.jdk/Contents/Home/jre/lib/endorsed
	java.ext.dirs = /Users/windsora/Library/Java/Extensions:/Library/Java/JavaVirtualMachines/jdk1.8.0_201.jdk/Contents/Home/jre/lib/ext:/Library/Java/Extensions:/Network/Library/Java/Extensions:/System/Library/Java/Extensions:/usr/lib/java
	java.home = /Library/Java/JavaVirtualMachines/jdk1.8.0_201.jdk/Contents/Home/jre
	java.io.tmpdir = /var/folders/3x/ypbk864n63q6kpd6fp6ddmc40000gn/T/
	java.library.path = /Users/windsora/Library/Java/Extensions:/Library/Java/Extensions:/Network/Library/Java/Extensions:/System/Library/Java/Extensions:/usr/lib/java:.
	java.net.preferIPv4Stack = true
	java.runtime.name = Java(TM) SE Runtime Environment
	java.runtime.version = 1.8.0_201-b09
	java.specification.name = Java Platform API Specification
	java.specification.vendor = Oracle Corporation
	java.specification.version = 1.8
	java.util.logging.manager = org.jboss.logmanager.LogManager
	java.vendor = Oracle Corporation
	java.vendor.url = http://java.oracle.com/
	java.vendor.url.bug = http://bugreport.sun.com/bugreport/
	java.version = 1.8.0_201
	java.vm.info = mixed mode
	java.vm.name = Java HotSpot(TM) 64-Bit Server VM
	java.vm.specification.name = Java Virtual Machine Specification
	java.vm.specification.vendor = Oracle Corporation
	java.vm.specification.version = 1.8
	java.vm.vendor = Oracle Corporation
	java.vm.version = 25.201-b09
	javax.management.builder.initial = org.jboss.as.jmx.PluggableMBeanServerBuilder
	javax.xml.datatype.DatatypeFactory = __redirected.__DatatypeFactory
	javax.xml.parsers.DocumentBuilderFactory = __redirected.__DocumentBuilderFactory
	javax.xml.parsers.SAXParserFactory = __redirected.__SAXParserFactory
	javax.xml.stream.XMLEventFactory = __redirected.__XMLEventFactory
	javax.xml.stream.XMLInputFactory = __redirected.__XMLInputFactory
	javax.xml.stream.XMLOutputFactory = __redirected.__XMLOutputFactory
	javax.xml.transform.TransformerFactory = __redirected.__TransformerFactory
	javax.xml.validation.SchemaFactory:http://www.w3.org/2001/XMLSchema = __redirected.__SchemaFactory
	javax.xml.xpath.XPathFactory:http://java.sun.com/jaxp/xpath/dom = __redirected.__XPathFactory
	jboss.home.dir = /Users/windsora/EAP-7.0.0
	jboss.host.name = macbook-pro-cua-wind
	jboss.http.port = 8080
	jboss.management.http.port = 9990
	jboss.modules.dir = /Users/windsora/EAP-7.0.0/modules
	jboss.modules.system.pkgs = org.jboss.byteman
	jboss.node.name = macbook-pro-cua-wind
	jboss.qualified.host.name = macbook-pro-cua-wind.local
	jboss.server.base.dir = /Users/windsora/EAP-7.0.0/standalone
	jboss.server.config.dir = /Users/windsora/EAP-7.0.0/standalone/configuration
	jboss.server.data.dir = /Users/windsora/EAP-7.0.0/standalone/data
	jboss.server.deploy.dir = /Users/windsora/EAP-7.0.0/standalone/data/content
	jboss.server.log.dir = /Users/windsora/EAP-7.0.0/standalone/log
	jboss.server.name = macbook-pro-cua-wind
	jboss.server.persist.config = true
	jboss.server.temp.dir = /Users/windsora/EAP-7.0.0/standalone/tmp
	line.separator = 

	logging.configuration = file:/Users/windsora/EAP-7.0.0/standalone/configuration/logging.properties
	module.path = /Users/windsora/EAP-7.0.0/modules
	org.jboss.boot.log.file = /Users/windsora/EAP-7.0.0/standalone/log/server.log
	org.jboss.resolver.warning = true
	org.xml.sax.driver = __redirected.__XMLReaderFactory
	os.arch = x86_64
	os.name = Mac OS X
	os.version = 10.13.6
	path.separator = :
	socksNonProxyHosts = local|*.local|169.254/16|*.169.254/16
	sun.arch.data.model = 64
	sun.boot.class.path = /Library/Java/JavaVirtualMachines/jdk1.8.0_201.jdk/Contents/Home/jre/lib/resources.jar:/Library/Java/JavaVirtualMachines/jdk1.8.0_201.jdk/Contents/Home/jre/lib/rt.jar:/Library/Java/JavaVirtualMachines/jdk1.8.0_201.jdk/Contents/Home/jre/lib/sunrsasign.jar:/Library/Java/JavaVirtualMachines/jdk1.8.0_201.jdk/Contents/Home/jre/lib/jsse.jar:/Library/Java/JavaVirtualMachines/jdk1.8.0_201.jdk/Contents/Home/jre/lib/jce.jar:/Library/Java/JavaVirtualMachines/jdk1.8.0_201.jdk/Contents/Home/jre/lib/charsets.jar:/Library/Java/JavaVirtualMachines/jdk1.8.0_201.jdk/Contents/Home/jre/lib/jfr.jar:/Library/Java/JavaVirtualMachines/jdk1.8.0_201.jdk/Contents/Home/jre/classes
	sun.boot.library.path = /Library/Java/JavaVirtualMachines/jdk1.8.0_201.jdk/Contents/Home/jre/lib
	sun.cpu.endian = little
	sun.cpu.isalist = 
	sun.io.unicode.encoding = UnicodeBig
	sun.java.command = /Users/windsora/EAP-7.0.0/jboss-modules.jar -mp /Users/windsora/EAP-7.0.0/modules org.jboss.as.standalone -Djboss.home.dir=/Users/windsora/EAP-7.0.0 -Djboss.server.base.dir=/Users/windsora/EAP-7.0.0/standalone -c standalone.xml
	sun.java.launcher = SUN_STANDARD
	sun.jnu.encoding = UTF-8
	sun.management.compiler = HotSpot 64-Bit Tiered Compilers
	sun.os.patch.level = unknown
	user.country = VN
	user.dir = /Users/windsora/EAP-7.0.0/bin
	user.home = /Users/windsora
	user.language = en
	user.name = windsora
	user.timezone = Asia/Ho_Chi_Minh
2019-05-02 12:29:28,303 DEBUG [org.jboss.as.config] (MSC service thread 1-7) VM Arguments: -D[Standalone] -verbose:gc -Xloggc:/Users/windsora/EAP-7.0.0/standalone/log/gc.log -XX:+PrintGCDetails -XX:+PrintGCDateStamps -XX:+UseGCLogFileRotation -XX:NumberOfGCLogFiles=5 -XX:GCLogFileSize=3M -XX:-TraceClassUnloading -Xms128m -Xmx512m -Dhttp.nonProxyHosts=localhost,127.0.0.1,MacBook-Pro-cua-Wind.local -Djava.net.preferIPv4Stack=true -Djboss.modules.system.pkgs=org.jboss.byteman -Djava.awt.headless=true -Djboss.management.http.port=9990 -Djboss.http.port=8080 -Dorg.jboss.boot.log.file=/Users/windsora/EAP-7.0.0/standalone/log/server.log -Dlogging.configuration=file:/Users/windsora/EAP-7.0.0/standalone/configuration/logging.properties 
2019-05-02 12:29:29,570 INFO  [org.jboss.as.server.deployment.scanner] (DeploymentScanner-threads - 1) WFLYDS0004: Found HotelEJB.jar in deployment directory. To trigger deployment create a file called HotelEJB.jar.dodeploy
2019-05-02 12:29:29,649 INFO  [org.jboss.as.server] (Controller Boot Thread) WFLYSRV0039: Creating http management service using socket-binding (management-http)
2019-05-02 12:29:29,671 INFO  [org.xnio] (MSC service thread 1-5) XNIO version 3.3.6.Final-redhat-1
2019-05-02 12:29:29,680 INFO  [org.xnio.nio] (MSC service thread 1-5) XNIO NIO Implementation Version 3.3.6.Final-redhat-1
2019-05-02 12:29:29,721 WARN  [org.jboss.as.txn] (ServerService Thread Pool -- 54) WFLYTX0013: Node identifier property is set to the default value. Please make sure it is unique.
2019-05-02 12:29:29,729 INFO  [org.wildfly.extension.io] (ServerService Thread Pool -- 37) WFLYIO001: Worker 'default' has auto-configured to 16 core threads with 128 task threads based on your 8 available processors
2019-05-02 12:29:29,739 INFO  [org.jboss.as.clustering.infinispan] (ServerService Thread Pool -- 38) WFLYCLINF0001: Activating Infinispan subsystem.
2019-05-02 12:29:29,757 INFO  [org.jboss.as.jsf] (ServerService Thread Pool -- 44) WFLYJSF0007: Activated the following JSF Implementations: [main]
2019-05-02 12:29:29,797 INFO  [org.jboss.as.naming] (ServerService Thread Pool -- 46) WFLYNAM0001: Activating Naming Subsystem
2019-05-02 12:29:29,807 INFO  [org.jboss.as.webservices] (ServerService Thread Pool -- 56) WFLYWS0002: Activating WebServices Extension
2019-05-02 12:29:29,884 INFO  [org.jboss.as.security] (ServerService Thread Pool -- 53) WFLYSEC0002: Activating Security Subsystem
2019-05-02 12:29:29,889 INFO  [org.wildfly.extension.undertow] (MSC service thread 1-6) WFLYUT0003: Undertow 1.3.21.Final-redhat-1 starting
2019-05-02 12:29:29,890 INFO  [org.wildfly.extension.undertow] (ServerService Thread Pool -- 55) WFLYUT0003: Undertow 1.3.21.Final-redhat-1 starting
2019-05-02 12:29:29,892 INFO  [org.jboss.as.security] (MSC service thread 1-1) WFLYSEC0001: Current PicketBox version=4.9.6.Final-redhat-1
2019-05-02 12:29:29,901 INFO  [org.jboss.as.connector.subsystems.datasources] (ServerService Thread Pool -- 33) WFLYJCA0004: Deploying JDBC-compliant driver class org.h2.Driver (version 1.3)
2019-05-02 12:29:29,906 INFO  [org.jboss.as.connector] (MSC service thread 1-8) WFLYJCA0009: Starting JCA Subsystem (WildFly/IronJacamar 1.3.3.Final-redhat-1)
2019-05-02 12:29:29,936 INFO  [org.jboss.as.connector.deployers.jdbc] (MSC service thread 1-4) WFLYJCA0018: Started Driver service with driver-name = h2
2019-05-02 12:29:29,969 INFO  [org.jboss.as.connector.subsystems.datasources] (ServerService Thread Pool -- 33) WFLYJCA0005: Deploying non-JDBC-compliant driver class org.postgresql.Driver (version 9.3)
2019-05-02 12:29:29,970 INFO  [org.jboss.as.connector.deployers.jdbc] (MSC service thread 1-3) WFLYJCA0018: Started Driver service with driver-name = postgresql
2019-05-02 12:29:30,020 INFO  [org.jboss.remoting] (MSC service thread 1-4) JBoss Remoting version 4.0.18.Final-redhat-1
2019-05-02 12:29:30,032 INFO  [org.jboss.as.naming] (MSC service thread 1-1) WFLYNAM0003: Starting Naming Service
2019-05-02 12:29:30,032 INFO  [org.jboss.as.mail.extension] (MSC service thread 1-8) WFLYMAIL0001: Bound mail session [java:jboss/mail/Default]
2019-05-02 12:29:30,153 INFO  [org.wildfly.extension.undertow] (ServerService Thread Pool -- 55) WFLYUT0014: Creating file handler for path '/Users/windsora/EAP-7.0.0/welcome-content' with options [directory-listing: 'false', follow-symlink: 'false', case-sensitive: 'true', safe-symlink-paths: '[]']
2019-05-02 12:29:30,210 INFO  [org.wildfly.extension.undertow] (MSC service thread 1-2) WFLYUT0012: Started server default-server.
2019-05-02 12:29:30,213 INFO  [org.wildfly.extension.undertow] (MSC service thread 1-8) WFLYUT0018: Host default-host starting
2019-05-02 12:29:30,304 INFO  [org.jboss.as.connector.subsystems.datasources] (MSC service thread 1-7) WFLYJCA0001: Bound data source [java:/PostgresDS]
2019-05-02 12:29:30,391 INFO  [org.wildfly.extension.undertow] (MSC service thread 1-2) WFLYUT0006: Undertow HTTP listener default listening on 127.0.0.1:8080
2019-05-02 12:29:30,407 INFO  [org.jboss.as.ejb3] (MSC service thread 1-3) WFLYEJB0481: Strict pool slsb-strict-max-pool is using a max instance size of 128 (per class), which is derived from thread worker pool sizing.
2019-05-02 12:29:30,407 INFO  [org.jboss.as.ejb3] (MSC service thread 1-4) WFLYEJB0482: Strict pool mdb-strict-max-pool is using a max instance size of 32 (per class), which is derived from the number of CPUs on this host.
2019-05-02 12:29:30,476 INFO  [org.jboss.as.connector.subsystems.datasources] (MSC service thread 1-4) WFLYJCA0001: Bound data source [java:jboss/datasources/ExampleDS]
2019-05-02 12:29:30,725 INFO  [org.jboss.as.server.deployment.scanner] (MSC service thread 1-3) WFLYDS0013: Started FileSystemDeploymentService for directory /Users/windsora/EAP-7.0.0/standalone/deployments
2019-05-02 12:29:30,738 INFO  [org.jboss.as.server.deployment] (MSC service thread 1-4) WFLYSRV0027: Starting deployment of "postgresql-9.3-1104.jdbc41.jar" (runtime-name: "postgresql-9.3-1104.jdbc41.jar")
2019-05-02 12:29:30,738 INFO  [org.jboss.as.server.deployment] (MSC service thread 1-1) WFLYSRV0027: Starting deployment of "HotelEJB.jar" (runtime-name: "HotelEJB.jar")
2019-05-02 12:29:31,093 INFO  [org.jboss.ws.common.management] (MSC service thread 1-7) JBWS022052: Starting JBossWS 5.1.3.SP1-redhat-1 (Apache CXF 3.1.4.redhat-1) 
2019-05-02 12:29:31,122 INFO  [org.infinispan.factories.GlobalComponentRegistry] (MSC service thread 1-8) ISPN000128: Infinispan version: Infinispan 'Mahou' 8.1.2.Final-redhat-1
2019-05-02 12:29:31,251 INFO  [org.jboss.as.connector.deployers.jdbc] (MSC service thread 1-4) WFLYJCA0005: Deploying non-JDBC-compliant driver class org.postgresql.Driver (version 9.3)
2019-05-02 12:29:31,265 INFO  [org.jboss.as.connector.deployers.jdbc] (MSC service thread 1-1) WFLYJCA0018: Started Driver service with driver-name = postgresql-9.3-1104.jdbc41.jar
2019-05-02 12:29:31,299 INFO  [org.jboss.weld.deployer] (MSC service thread 1-6) WFLYWELD0003: Processing weld deployment HotelEJB.jar
2019-05-02 12:29:31,383 INFO  [org.hibernate.validator.internal.util.Version] (MSC service thread 1-6) HV000001: Hibernate Validator 5.2.4.Final-redhat-1
2019-05-02 12:29:31,724 INFO  [org.jboss.as.ejb3.deployment] (MSC service thread 1-6) WFLYEJB0473: JNDI bindings for session bean named 'AccountSessionBean' in deployment unit 'deployment "HotelEJB.jar"' are as follows:

	java:global/HotelEJB/AccountSessionBean!hotel.ejb.AccountSessionBeanRemote
	java:app/HotelEJB/AccountSessionBean!hotel.ejb.AccountSessionBeanRemote
	java:module/AccountSessionBean!hotel.ejb.AccountSessionBeanRemote
	java:jboss/exported/HotelEJB/AccountSessionBean!hotel.ejb.AccountSessionBeanRemote
	java:global/HotelEJB/AccountSessionBean
	java:app/HotelEJB/AccountSessionBean
	java:module/AccountSessionBean

2019-05-02 12:29:31,725 INFO  [org.jboss.as.ejb3.deployment] (MSC service thread 1-6) WFLYEJB0473: JNDI bindings for session bean named 'CustomerBookedSessionBean' in deployment unit 'deployment "HotelEJB.jar"' are as follows:

	java:global/HotelEJB/CustomerBookedSessionBean!hotel.ejb.CustomerBookedSessionBeanRemote
	java:app/HotelEJB/CustomerBookedSessionBean!hotel.ejb.CustomerBookedSessionBeanRemote
	java:module/CustomerBookedSessionBean!hotel.ejb.CustomerBookedSessionBeanRemote
	java:jboss/exported/HotelEJB/CustomerBookedSessionBean!hotel.ejb.CustomerBookedSessionBeanRemote
	java:global/HotelEJB/CustomerBookedSessionBean
	java:app/HotelEJB/CustomerBookedSessionBean
	java:module/CustomerBookedSessionBean

2019-05-02 12:29:31,725 INFO  [org.jboss.as.ejb3.deployment] (MSC service thread 1-6) WFLYEJB0473: JNDI bindings for session bean named 'UserSessionBean' in deployment unit 'deployment "HotelEJB.jar"' are as follows:

	java:global/HotelEJB/UserSessionBean!hotel.ejb.UserSessionBeanRemote
	java:app/HotelEJB/UserSessionBean!hotel.ejb.UserSessionBeanRemote
	java:module/UserSessionBean!hotel.ejb.UserSessionBeanRemote
	java:jboss/exported/HotelEJB/UserSessionBean!hotel.ejb.UserSessionBeanRemote
	java:global/HotelEJB/UserSessionBean
	java:app/HotelEJB/UserSessionBean
	java:module/UserSessionBean

2019-05-02 12:29:31,726 INFO  [org.jboss.as.ejb3.deployment] (MSC service thread 1-6) WFLYEJB0473: JNDI bindings for session bean named 'StatusSessionBean' in deployment unit 'deployment "HotelEJB.jar"' are as follows:

	java:global/HotelEJB/StatusSessionBean!hotel.ejb.StatusSessionBeanRemote
	java:app/HotelEJB/StatusSessionBean!hotel.ejb.StatusSessionBeanRemote
	java:module/StatusSessionBean!hotel.ejb.StatusSessionBeanRemote
	java:jboss/exported/HotelEJB/StatusSessionBean!hotel.ejb.StatusSessionBeanRemote
	java:global/HotelEJB/StatusSessionBean
	java:app/HotelEJB/StatusSessionBean
	java:module/StatusSessionBean

2019-05-02 12:29:31,726 INFO  [org.jboss.as.ejb3.deployment] (MSC service thread 1-6) WFLYEJB0473: JNDI bindings for session bean named 'BillSessionBean' in deployment unit 'deployment "HotelEJB.jar"' are as follows:

	java:global/HotelEJB/BillSessionBean!hotel.ejb.BillSessionBeanRemote
	java:app/HotelEJB/BillSessionBean!hotel.ejb.BillSessionBeanRemote
	java:module/BillSessionBean!hotel.ejb.BillSessionBeanRemote
	java:jboss/exported/HotelEJB/BillSessionBean!hotel.ejb.BillSessionBeanRemote
	java:global/HotelEJB/BillSessionBean
	java:app/HotelEJB/BillSessionBean
	java:module/BillSessionBean

2019-05-02 12:29:31,726 INFO  [org.jboss.as.ejb3.deployment] (MSC service thread 1-6) WFLYEJB0473: JNDI bindings for session bean named 'CheckoutSessionBean' in deployment unit 'deployment "HotelEJB.jar"' are as follows:

	java:global/HotelEJB/CheckoutSessionBean!hotel.ejb.CheckoutSessionBeanRemote
	java:app/HotelEJB/CheckoutSessionBean!hotel.ejb.CheckoutSessionBeanRemote
	java:module/CheckoutSessionBean!hotel.ejb.CheckoutSessionBeanRemote
	java:jboss/exported/HotelEJB/CheckoutSessionBean!hotel.ejb.CheckoutSessionBeanRemote
	java:global/HotelEJB/CheckoutSessionBean
	java:app/HotelEJB/CheckoutSessionBean
	java:module/CheckoutSessionBean

2019-05-02 12:29:31,727 INFO  [org.jboss.as.ejb3.deployment] (MSC service thread 1-6) WFLYEJB0473: JNDI bindings for session bean named 'EmployeeSessionBean' in deployment unit 'deployment "HotelEJB.jar"' are as follows:

	java:global/HotelEJB/EmployeeSessionBean!hotel.ejb.EmployeeSessionBeanRemote
	java:app/HotelEJB/EmployeeSessionBean!hotel.ejb.EmployeeSessionBeanRemote
	java:module/EmployeeSessionBean!hotel.ejb.EmployeeSessionBeanRemote
	java:jboss/exported/HotelEJB/EmployeeSessionBean!hotel.ejb.EmployeeSessionBeanRemote
	java:global/HotelEJB/EmployeeSessionBean
	java:app/HotelEJB/EmployeeSessionBean
	java:module/EmployeeSessionBean

2019-05-02 12:29:31,727 INFO  [org.jboss.as.ejb3.deployment] (MSC service thread 1-6) WFLYEJB0473: JNDI bindings for session bean named 'DatabaseConnection' in deployment unit 'deployment "HotelEJB.jar"' are as follows:

	java:global/HotelEJB/DatabaseConnection!hotel.ejb.DatabaseConnectionRemote
	java:app/HotelEJB/DatabaseConnection!hotel.ejb.DatabaseConnectionRemote
	java:module/DatabaseConnection!hotel.ejb.DatabaseConnectionRemote
	java:jboss/exported/HotelEJB/DatabaseConnection!hotel.ejb.DatabaseConnectionRemote
	java:global/HotelEJB/DatabaseConnection
	java:app/HotelEJB/DatabaseConnection
	java:module/DatabaseConnection

2019-05-02 12:29:31,727 INFO  [org.jboss.as.ejb3.deployment] (MSC service thread 1-6) WFLYEJB0473: JNDI bindings for session bean named 'RoomSessionBean' in deployment unit 'deployment "HotelEJB.jar"' are as follows:

	java:global/HotelEJB/RoomSessionBean!hotel.ejb.RoomSessionBeanRemote
	java:app/HotelEJB/RoomSessionBean!hotel.ejb.RoomSessionBeanRemote
	java:module/RoomSessionBean!hotel.ejb.RoomSessionBeanRemote
	java:jboss/exported/HotelEJB/RoomSessionBean!hotel.ejb.RoomSessionBeanRemote
	java:global/HotelEJB/RoomSessionBean
	java:app/HotelEJB/RoomSessionBean
	java:module/RoomSessionBean

2019-05-02 12:29:31,728 INFO  [org.jboss.as.ejb3.deployment] (MSC service thread 1-6) WFLYEJB0473: JNDI bindings for session bean named 'CustomerSessionBean' in deployment unit 'deployment "HotelEJB.jar"' are as follows:

	java:global/HotelEJB/CustomerSessionBean!hotel.ejb.CustomerSessionBeanRemote
	java:app/HotelEJB/CustomerSessionBean!hotel.ejb.CustomerSessionBeanRemote
	java:module/CustomerSessionBean!hotel.ejb.CustomerSessionBeanRemote
	java:jboss/exported/HotelEJB/CustomerSessionBean!hotel.ejb.CustomerSessionBeanRemote
	java:global/HotelEJB/CustomerSessionBean
	java:app/HotelEJB/CustomerSessionBean
	java:module/CustomerSessionBean

2019-05-02 12:29:31,728 INFO  [org.jboss.as.ejb3.deployment] (MSC service thread 1-6) WFLYEJB0473: JNDI bindings for session bean named 'UseradminSessionBean' in deployment unit 'deployment "HotelEJB.jar"' are as follows:

	java:global/HotelEJB/UseradminSessionBean!hotel.ejb.UseradminSessionBeanRemote
	java:app/HotelEJB/UseradminSessionBean!hotel.ejb.UseradminSessionBeanRemote
	java:module/UseradminSessionBean!hotel.ejb.UseradminSessionBeanRemote
	java:jboss/exported/HotelEJB/UseradminSessionBean!hotel.ejb.UseradminSessionBeanRemote
	java:global/HotelEJB/UseradminSessionBean
	java:app/HotelEJB/UseradminSessionBean
	java:module/UseradminSessionBean

2019-05-02 12:29:31,728 INFO  [org.jboss.as.ejb3.deployment] (MSC service thread 1-6) WFLYEJB0473: JNDI bindings for session bean named 'TobookSessionBean' in deployment unit 'deployment "HotelEJB.jar"' are as follows:

	java:global/HotelEJB/TobookSessionBean!hotel.ejb.TobookSessionBeanRemote
	java:app/HotelEJB/TobookSessionBean!hotel.ejb.TobookSessionBeanRemote
	java:module/TobookSessionBean!hotel.ejb.TobookSessionBeanRemote
	java:jboss/exported/HotelEJB/TobookSessionBean!hotel.ejb.TobookSessionBeanRemote
	java:global/HotelEJB/TobookSessionBean
	java:app/HotelEJB/TobookSessionBean
	java:module/TobookSessionBean

2019-05-02 12:29:31,729 INFO  [org.jboss.as.ejb3.deployment] (MSC service thread 1-6) WFLYEJB0473: JNDI bindings for session bean named 'CheckinSessionBean' in deployment unit 'deployment "HotelEJB.jar"' are as follows:

	java:global/HotelEJB/CheckinSessionBean!hotel.ejb.CheckinSessionBeanRemote
	java:app/HotelEJB/CheckinSessionBean!hotel.ejb.CheckinSessionBeanRemote
	java:module/CheckinSessionBean!hotel.ejb.CheckinSessionBeanRemote
	java:jboss/exported/HotelEJB/CheckinSessionBean!hotel.ejb.CheckinSessionBeanRemote
	java:global/HotelEJB/CheckinSessionBean
	java:app/HotelEJB/CheckinSessionBean
	java:module/CheckinSessionBean

2019-05-02 12:29:31,964 INFO  [org.infinispan.configuration.cache.EvictionConfigurationBuilder] (ServerService Thread Pool -- 58) ISPN000152: Passivation configured without an eviction policy being selected. Only manually evicted entities will be passivated.
2019-05-02 12:29:31,967 INFO  [org.infinispan.configuration.cache.EvictionConfigurationBuilder] (ServerService Thread Pool -- 58) ISPN000152: Passivation configured without an eviction policy being selected. Only manually evicted entities will be passivated.
2019-05-02 12:29:31,969 INFO  [org.infinispan.configuration.cache.EvictionConfigurationBuilder] (ServerService Thread Pool -- 58) ISPN000152: Passivation configured without an eviction policy being selected. Only manually evicted entities will be passivated.
2019-05-02 12:29:31,970 INFO  [org.infinispan.configuration.cache.EvictionConfigurationBuilder] (ServerService Thread Pool -- 58) ISPN000152: Passivation configured without an eviction policy being selected. Only manually evicted entities will be passivated.
2019-05-02 12:29:31,987 INFO  [org.jboss.weld.deployer] (MSC service thread 1-6) WFLYWELD0006: Starting Services for CDI deployment: HotelEJB.jar
2019-05-02 12:29:32,034 INFO  [org.jboss.weld.Version] (MSC service thread 1-6) WELD-000900: 2.3.3 (redhat)
2019-05-02 12:29:32,056 INFO  [org.jboss.weld.deployer] (MSC service thread 1-4) WFLYWELD0009: Starting weld service for deployment HotelEJB.jar
2019-05-02 12:29:32,370 INFO  [org.jboss.as.clustering.infinispan] (ServerService Thread Pool -- 58) WFLYCLINF0002: Started client-mappings cache from ejb container
2019-05-02 12:29:33,046 INFO  [org.jboss.as.server] (Controller Boot Thread) WFLYSRV0010: Deployed "postgresql-9.3-1104.jdbc41.jar" (runtime-name : "postgresql-9.3-1104.jdbc41.jar")
2019-05-02 12:29:33,047 INFO  [org.jboss.as.server] (ServerService Thread Pool -- 34) WFLYSRV0010: Deployed "HotelEJB.jar" (runtime-name : "HotelEJB.jar")
2019-05-02 12:29:33,169 INFO  [org.jboss.as] (Controller Boot Thread) WFLYSRV0060: Http management interface listening on http://127.0.0.1:9990/management
2019-05-02 12:29:33,170 INFO  [org.jboss.as] (Controller Boot Thread) WFLYSRV0051: Admin console listening on http://127.0.0.1:9990
2019-05-02 12:29:33,170 INFO  [org.jboss.as] (Controller Boot Thread) WFLYSRV0025: JBoss EAP 7.0.0.GA (WildFly Core 2.1.2.Final-redhat-1) started in 5887ms - Started 806 of 1079 services (388 services are lazy, passive or on-demand)
2019-05-02 22:06:57,223 INFO  [org.jboss.as.server] (management-handler-thread - 9) WFLYSRV0236: Suspending server with no timeout.
2019-05-02 22:06:57,231 INFO  [org.jboss.as.server] (Thread-2) WFLYSRV0220: Server shutdown has been requested.
2019-05-02 22:06:57,263 INFO  [org.jboss.as.connector.deployers.jdbc] (MSC service thread 1-3) WFLYJCA0019: Stopped Driver service with driver-name = postgresql-9.3-1104.jdbc41.jar
2019-05-02 22:06:57,275 INFO  [org.jboss.as.connector.subsystems.datasources] (MSC service thread 1-2) WFLYJCA0010: Unbound data source [java:/PostgresDS]
2019-05-02 22:06:57,278 INFO  [org.wildfly.extension.undertow] (MSC service thread 1-3) WFLYUT0019: Host default-host stopping
2019-05-02 22:06:57,294 INFO  [org.jboss.as.connector.deployers.jdbc] (MSC service thread 1-6) WFLYJCA0019: Stopped Driver service with driver-name = postgresql
2019-05-02 22:06:57,298 INFO  [org.jboss.weld.deployer] (MSC service thread 1-8) WFLYWELD0010: Stopping weld service for deployment HotelEJB.jar
2019-05-02 22:06:57,316 INFO  [org.jboss.as.server.deployment] (MSC service thread 1-5) WFLYSRV0028: Stopped deployment postgresql-9.3-1104.jdbc41.jar (runtime-name: postgresql-9.3-1104.jdbc41.jar) in 58ms
2019-05-02 22:06:57,317 INFO  [org.jboss.as.connector.subsystems.datasources] (MSC service thread 1-8) WFLYJCA0010: Unbound data source [java:jboss/datasources/ExampleDS]
2019-05-02 22:06:57,325 INFO  [org.jboss.as.connector.deployers.jdbc] (MSC service thread 1-6) WFLYJCA0019: Stopped Driver service with driver-name = h2
2019-05-02 22:06:57,327 INFO  [org.jboss.as.server.deployment] (MSC service thread 1-7) WFLYSRV0028: Stopped deployment HotelEJB.jar (runtime-name: HotelEJB.jar) in 82ms
2019-05-02 22:06:57,334 INFO  [org.jboss.as.clustering.infinispan] (ServerService Thread Pool -- 76) WFLYCLINF0003: Stopped client-mappings cache from ejb container
2019-05-02 22:06:57,332 INFO  [org.wildfly.extension.undertow] (MSC service thread 1-8) WFLYUT0008: Undertow HTTP listener default suspending
2019-05-02 22:06:57,335 INFO  [org.wildfly.extension.undertow] (MSC service thread 1-8) WFLYUT0007: Undertow HTTP listener default stopped, was bound to 127.0.0.1:8080
2019-05-02 22:06:57,335 INFO  [org.wildfly.extension.undertow] (MSC service thread 1-6) WFLYUT0004: Undertow 1.3.21.Final-redhat-1 stopping
2019-05-02 22:06:57,342 INFO  [org.jboss.as] (MSC service thread 1-2) WFLYSRV0050: JBoss EAP 7.0.0.GA (WildFly Core 2.1.2.Final-redhat-1) stopped in 87ms
